<?xml version="1.0" encoding="UTF-8"?>
<!-- Generated by org.testng.reporters.JUnitReportReporter -->
<testsuite hostname="Apoorvas-MacBook-Pro.local" failures="0" tests="2" name="BlazeStoreValidations.BlazeStoreValidations" time="26.072" errors="0" timestamp="2022-03-05T14:59:10 IST" skipped="0">
  <testcase classname="BlazeStoreValidations.BlazeStoreValidations" name="AddressValidation" time="12.508"/>
  <system-out/>
  <testcase classname="BlazeStoreValidations.BlazeStoreValidations" name="pincodeValidation" time="13.564"/>
  <system-out/>
</testsuite> <!-- BlazeStoreValidations.BlazeStoreValidations -->
